\BOOKMARK [0][-]{chapter.1}{Desarrollo de Aplicaciones Web Responsivas}{}% 1
\BOOKMARK [1][-]{section.1.1}{Introducci\363n}{chapter.1}% 2
\BOOKMARK [1][-]{section.1.2}{Patr\363n Arquitect\363nico MVC}{chapter.1}% 3
\BOOKMARK [1][-]{section.1.3}{HTML}{chapter.1}% 4
\BOOKMARK [1][-]{section.1.4}{CSS}{chapter.1}% 5
\BOOKMARK [2][-]{subsection.1.4.1}{Bootstrap}{section.1.4}% 6
\BOOKMARK [1][-]{section.1.5}{JavaScript}{chapter.1}% 7
\BOOKMARK [2][-]{subsection.1.5.1}{Node.js}{section.1.5}% 8
\BOOKMARK [2][-]{subsection.1.5.2}{Express}{section.1.5}% 9
\BOOKMARK [2][-]{subsection.1.5.3}{AngularJS}{section.1.5}% 10
\BOOKMARK [1][-]{section.1.6}{MongoDB}{chapter.1}% 11
\BOOKMARK [2][-]{subsection.1.6.1}{Mongoose}{section.1.6}% 12
\BOOKMARK [0][-]{chapter.2}{Instalaci\363n de las Herramientas}{}% 13
\BOOKMARK [1][-]{section.2.1}{Node.js}{chapter.2}% 14
\BOOKMARK [2][-]{subsection.2.1.1}{Ejemplos}{section.2.1}% 15
\BOOKMARK [1][-]{section.2.2}{Express}{chapter.2}% 16
\BOOKMARK [1][-]{section.2.3}{Bower}{chapter.2}% 17
\BOOKMARK [1][-]{section.2.4}{Boostrap}{chapter.2}% 18
\BOOKMARK [1][-]{section.2.5}{MongoDB}{chapter.2}% 19
\BOOKMARK [2][-]{subsection.2.5.1}{Mongoose}{section.2.5}% 20
\BOOKMARK [1][-]{section.2.6}{AngularJS}{chapter.2}% 21
\BOOKMARK [0][-]{chapter.3}{Desarrollo de una aplicaci\363n MEAN a trav\351s de servicios web REST}{}% 22
\BOOKMARK [1][-]{section.3.1}{Descripci\363n de la aplicaci\363n}{chapter.3}% 23
\BOOKMARK [1][-]{section.3.2}{Estructura de la aplicaci\363n}{chapter.3}% 24
\BOOKMARK [1][-]{section.3.3}{Front-end}{chapter.3}% 25
\BOOKMARK [1][-]{section.3.4}{Esquema de la Base de Datos}{chapter.3}% 26
\BOOKMARK [1][-]{section.3.5}{API}{chapter.3}% 27
\BOOKMARK [1][-]{section.3.6}{Conexi\363n Front-end Back-end}{chapter.3}% 28
\BOOKMARK [0][-]{chapter.4}{Seguridad}{}% 29
\BOOKMARK [1][-]{section.4.1}{Seguridad a trav\351s de cuentas de usuario}{chapter.4}% 30
\BOOKMARK [1][-]{section.4.2}{Seguridad a trav\351s de Facebook}{chapter.4}% 31
